<?xml version="1.0" encoding="UTF-8"?>
<robot generator="Robot 3.1.1 (Python 3.7.3 on win32)" generated="20201020 15:46:09.235" rpa="false">
<suite id="s1" name="Example01 Open Android App" source="C:\Users\License\robot-framework-appium-tutorial\Example01_Open_Android_App.robot">
<test id="s1-t1" name="Login alert short password">
<kw name="Open Application" library="AppiumLibrary">
<doc>Opens a new application to given Appium server.
Capabilities of appium server, Android and iOS,
Please check https://github.com/appium/appium/blob/master/docs/en/writing-running-appium/server-args.md
| *Option*            | *Man.* | *Description*     |
| remote_url          | Yes    | Appium server url |
| alias               | no     | alias             |</doc>
<arguments>
<arg>${REMOTE_URL}</arg>
<arg>platformName=${PLATFORM_NAME_ANDROID}</arg>
<arg>deviceName=${DEVICE_NAME_ANDROID}</arg>
<arg>app=${APP_ANDROID}</arg>
<arg>automationName=${AUTOMATION_NAME}</arg>
</arguments>
<status status="PASS" starttime="20201020 15:46:09.779" endtime="20201020 15:46:22.911"></status>
</kw>
<kw name="Input Text" library="AppiumLibrary">
<doc>Types the given `text` into text field identified by `locator`.</doc>
<arguments>
<arg>id=email</arg>
<arg>test@gmail.com</arg>
</arguments>
<msg timestamp="20201020 15:46:22.915" level="INFO">Typing text 'test@gmail.com' into text field 'id=email'</msg>
<status status="PASS" starttime="20201020 15:46:22.912" endtime="20201020 15:46:24.180"></status>
</kw>
<kw name="Input Text" library="AppiumLibrary">
<doc>Types the given `text` into text field identified by `locator`.</doc>
<arguments>
<arg>id=password</arg>
<arg>test</arg>
</arguments>
<msg timestamp="20201020 15:46:24.185" level="INFO">Typing text 'test' into text field 'id=password'</msg>
<status status="PASS" starttime="20201020 15:46:24.182" endtime="20201020 15:46:24.906"></status>
</kw>
<kw name="Click Element" library="AppiumLibrary">
<doc>Click element identified by `locator`.</doc>
<arguments>
<arg>id=email_sign_in_button</arg>
</arguments>
<msg timestamp="20201020 15:46:24.910" level="INFO">Clicking element 'id=email_sign_in_button'.</msg>
<status status="PASS" starttime="20201020 15:46:24.907" endtime="20201020 15:46:25.468"></status>
</kw>
<kw name="Wait Until Page Contains Element" library="AppiumLibrary">
<doc>Waits until element specified with `locator` appears on current page.</doc>
<arguments>
<arg>id=contentPanel</arg>
</arguments>
<status status="PASS" starttime="20201020 15:46:25.469" endtime="20201020 15:46:26.237"></status>
</kw>
<kw name="Element Should Contain Text" library="AppiumLibrary">
<doc>Verifies element identified by ``locator`` contains text ``expected``.</doc>
<arguments>
<arg>xpath=//*[@text='This password is too short']</arg>
<arg>${Text_Pass_short}</arg>
</arguments>
<msg timestamp="20201020 15:46:26.240" level="INFO">Verifying element 'xpath=//*[@text='This password is too short']' contains text 'This password is too short'.</msg>
<status status="PASS" starttime="20201020 15:46:26.238" endtime="20201020 15:46:26.413"></status>
</kw>
<kw name="Capture Page Screenshot" library="AppiumLibrary">
<doc>Takes a screenshot of the current page and embeds it into the log.</doc>
<arguments>
<arg>case1.png</arg>
</arguments>
<msg timestamp="20201020 15:46:26.654" level="INFO" html="yes">&lt;/td&gt;&lt;/tr&gt;&lt;tr&gt;&lt;td colspan="3"&gt;&lt;a href="case1.png"&gt;&lt;img src="case1.png" width="800px"&gt;&lt;/a&gt;</msg>
<status status="PASS" starttime="20201020 15:46:26.414" endtime="20201020 15:46:26.654"></status>
</kw>
<kw name="Sleep" library="BuiltIn">
<doc>Pauses the test executed for the given time.</doc>
<arguments>
<arg>5</arg>
</arguments>
<msg timestamp="20201020 15:46:31.656" level="INFO">Slept 5 seconds</msg>
<status status="PASS" starttime="20201020 15:46:26.655" endtime="20201020 15:46:31.656"></status>
</kw>
<kw name="Close All Applications" library="AppiumLibrary">
<doc>Closes all open applications.</doc>
<status status="PASS" starttime="20201020 15:46:31.657" endtime="20201020 15:46:32.554"></status>
</kw>
<status status="PASS" starttime="20201020 15:46:09.779" endtime="20201020 15:46:32.555" critical="yes"></status>
</test>
<test id="s1-t2" name="Login alert Not Put User&amp;Password">
<kw name="Open Application" library="AppiumLibrary">
<doc>Opens a new application to given Appium server.
Capabilities of appium server, Android and iOS,
Please check https://github.com/appium/appium/blob/master/docs/en/writing-running-appium/server-args.md
| *Option*            | *Man.* | *Description*     |
| remote_url          | Yes    | Appium server url |
| alias               | no     | alias             |</doc>
<arguments>
<arg>${REMOTE_URL}</arg>
<arg>platformName=${PLATFORM_NAME_ANDROID}</arg>
<arg>deviceName=${DEVICE_NAME_ANDROID}</arg>
<arg>app=${APP_ANDROID}</arg>
<arg>automationName=${AUTOMATION_NAME}</arg>
</arguments>
<status status="PASS" starttime="20201020 15:46:32.565" endtime="20201020 15:46:45.475"></status>
</kw>
<kw name="Input Text" library="AppiumLibrary">
<doc>Types the given `text` into text field identified by `locator`.</doc>
<arguments>
<arg>id=email</arg>
<arg>${EMPTY}</arg>
</arguments>
<msg timestamp="20201020 15:46:45.480" level="INFO">Typing text '' into text field 'id=email'</msg>
<status status="PASS" starttime="20201020 15:46:45.477" endtime="20201020 15:46:46.461"></status>
</kw>
<kw name="Input Text" library="AppiumLibrary">
<doc>Types the given `text` into text field identified by `locator`.</doc>
<arguments>
<arg>id=password</arg>
<arg>${EMPTY}</arg>
</arguments>
<msg timestamp="20201020 15:46:46.465" level="INFO">Typing text '' into text field 'id=password'</msg>
<status status="PASS" starttime="20201020 15:46:46.463" endtime="20201020 15:46:47.663"></status>
</kw>
<kw name="Click Element" library="AppiumLibrary">
<doc>Click element identified by `locator`.</doc>
<arguments>
<arg>id=email_sign_in_button</arg>
</arguments>
<msg timestamp="20201020 15:46:47.666" level="INFO">Clicking element 'id=email_sign_in_button'.</msg>
<status status="PASS" starttime="20201020 15:46:47.664" endtime="20201020 15:46:48.248"></status>
</kw>
<kw name="Element Should Contain Text" library="AppiumLibrary">
<doc>Verifies element identified by ``locator`` contains text ``expected``.</doc>
<arguments>
<arg>xpath=//*[@text='This field is required']</arg>
<arg>This field is required</arg>
</arguments>
<msg timestamp="20201020 15:46:48.252" level="INFO">Verifying element 'xpath=//*[@text='This field is required']' contains text 'This field is required'.</msg>
<status status="PASS" starttime="20201020 15:46:48.249" endtime="20201020 15:46:49.041"></status>
</kw>
<kw name="Capture Page Screenshot" library="AppiumLibrary">
<doc>Takes a screenshot of the current page and embeds it into the log.</doc>
<arguments>
<arg>case2.png</arg>
</arguments>
<msg timestamp="20201020 15:46:49.285" level="INFO" html="yes">&lt;/td&gt;&lt;/tr&gt;&lt;tr&gt;&lt;td colspan="3"&gt;&lt;a href="case2.png"&gt;&lt;img src="case2.png" width="800px"&gt;&lt;/a&gt;</msg>
<status status="PASS" starttime="20201020 15:46:49.043" endtime="20201020 15:46:49.285"></status>
</kw>
<kw name="Sleep" library="BuiltIn">
<doc>Pauses the test executed for the given time.</doc>
<arguments>
<arg>5</arg>
</arguments>
<msg timestamp="20201020 15:46:54.286" level="INFO">Slept 5 seconds</msg>
<status status="PASS" starttime="20201020 15:46:49.286" endtime="20201020 15:46:54.286"></status>
</kw>
<kw name="Close All Applications" library="AppiumLibrary">
<doc>Closes all open applications.</doc>
<status status="PASS" starttime="20201020 15:46:54.287" endtime="20201020 15:46:55.228"></status>
</kw>
<status status="PASS" starttime="20201020 15:46:32.564" endtime="20201020 15:46:55.229" critical="yes"></status>
</test>
<test id="s1-t3" name="Login alert Wrong user&amp;password">
<kw name="Open Application" library="AppiumLibrary">
<doc>Opens a new application to given Appium server.
Capabilities of appium server, Android and iOS,
Please check https://github.com/appium/appium/blob/master/docs/en/writing-running-appium/server-args.md
| *Option*            | *Man.* | *Description*     |
| remote_url          | Yes    | Appium server url |
| alias               | no     | alias             |</doc>
<arguments>
<arg>${REMOTE_URL}</arg>
<arg>platformName=${PLATFORM_NAME_ANDROID}</arg>
<arg>deviceName=${DEVICE_NAME_ANDROID}</arg>
<arg>app=${APP_ANDROID}</arg>
<arg>automationName=${AUTOMATION_NAME}</arg>
</arguments>
<status status="PASS" starttime="20201020 15:46:55.236" endtime="20201020 15:47:08.289"></status>
</kw>
<kw name="Input Text" library="AppiumLibrary">
<doc>Types the given `text` into text field identified by `locator`.</doc>
<arguments>
<arg>id=email</arg>
<arg>${User}</arg>
</arguments>
<msg timestamp="20201020 15:47:08.293" level="INFO">Typing text 'foo@example.com' into text field 'id=email'</msg>
<status status="PASS" starttime="20201020 15:47:08.290" endtime="20201020 15:47:10.341"></status>
</kw>
<kw name="Input Text" library="AppiumLibrary">
<doc>Types the given `text` into text field identified by `locator`.</doc>
<arguments>
<arg>id=password</arg>
<arg>helloja</arg>
</arguments>
<msg timestamp="20201020 15:47:10.347" level="INFO">Typing text 'helloja' into text field 'id=password'</msg>
<status status="PASS" starttime="20201020 15:47:10.345" endtime="20201020 15:47:11.551"></status>
</kw>
<kw name="Click Element" library="AppiumLibrary">
<doc>Click element identified by `locator`.</doc>
<arguments>
<arg>id=email_sign_in_button</arg>
</arguments>
<msg timestamp="20201020 15:47:11.553" level="INFO">Clicking element 'id=email_sign_in_button'.</msg>
<status status="PASS" starttime="20201020 15:47:11.552" endtime="20201020 15:47:12.126"></status>
</kw>
<kw name="Wait Until Page Contains Element" library="AppiumLibrary">
<doc>Waits until element specified with `locator` appears on current page.</doc>
<arguments>
<arg>id=contentPanel</arg>
</arguments>
<status status="PASS" starttime="20201020 15:47:12.128" endtime="20201020 15:47:15.003"></status>
</kw>
<kw name="Element Should Contain Text" library="AppiumLibrary">
<doc>Verifies element identified by ``locator`` contains text ``expected``.</doc>
<arguments>
<arg>xpath=//*[@text='Please check email or password.']</arg>
<arg>Please check email or password.</arg>
</arguments>
<msg timestamp="20201020 15:47:15.007" level="INFO">Verifying element 'xpath=//*[@text='Please check email or password.']' contains text 'Please check email or password.'.</msg>
<status status="PASS" starttime="20201020 15:47:15.004" endtime="20201020 15:47:15.287"></status>
</kw>
<kw name="Capture Page Screenshot" library="AppiumLibrary">
<doc>Takes a screenshot of the current page and embeds it into the log.</doc>
<arguments>
<arg>case3.png</arg>
</arguments>
<msg timestamp="20201020 15:47:15.699" level="INFO" html="yes">&lt;/td&gt;&lt;/tr&gt;&lt;tr&gt;&lt;td colspan="3"&gt;&lt;a href="case3.png"&gt;&lt;img src="case3.png" width="800px"&gt;&lt;/a&gt;</msg>
<status status="PASS" starttime="20201020 15:47:15.288" endtime="20201020 15:47:15.700"></status>
</kw>
<kw name="Sleep" library="BuiltIn">
<doc>Pauses the test executed for the given time.</doc>
<arguments>
<arg>5</arg>
</arguments>
<msg timestamp="20201020 15:47:20.702" level="INFO">Slept 5 seconds</msg>
<status status="PASS" starttime="20201020 15:47:15.701" endtime="20201020 15:47:20.702"></status>
</kw>
<kw name="Close All Applications" library="AppiumLibrary">
<doc>Closes all open applications.</doc>
<status status="PASS" starttime="20201020 15:47:20.703" endtime="20201020 15:47:21.766"></status>
</kw>
<status status="PASS" starttime="20201020 15:46:55.235" endtime="20201020 15:47:21.771" critical="yes"></status>
</test>
<test id="s1-t4" name="Login succeful">
<kw name="Open Application" library="AppiumLibrary">
<doc>Opens a new application to given Appium server.
Capabilities of appium server, Android and iOS,
Please check https://github.com/appium/appium/blob/master/docs/en/writing-running-appium/server-args.md
| *Option*            | *Man.* | *Description*     |
| remote_url          | Yes    | Appium server url |
| alias               | no     | alias             |</doc>
<arguments>
<arg>${REMOTE_URL}</arg>
<arg>platformName=${PLATFORM_NAME_ANDROID}</arg>
<arg>deviceName=${DEVICE_NAME_ANDROID}</arg>
<arg>app=${APP_ANDROID}</arg>
<arg>automationName=${AUTOMATION_NAME}</arg>
</arguments>
<status status="PASS" starttime="20201020 15:47:21.784" endtime="20201020 15:47:34.109"></status>
</kw>
<kw name="Input Text" library="AppiumLibrary">
<doc>Types the given `text` into text field identified by `locator`.</doc>
<arguments>
<arg>id=email</arg>
<arg>${User}</arg>
</arguments>
<msg timestamp="20201020 15:47:34.114" level="INFO">Typing text 'foo@example.com' into text field 'id=email'</msg>
<status status="PASS" starttime="20201020 15:47:34.111" endtime="20201020 15:47:35.595"></status>
</kw>
<kw name="Input Text" library="AppiumLibrary">
<doc>Types the given `text` into text field identified by `locator`.</doc>
<arguments>
<arg>id=password</arg>
<arg>${Password}</arg>
</arguments>
<msg timestamp="20201020 15:47:35.598" level="INFO">Typing text 'hellojaa' into text field 'id=password'</msg>
<status status="PASS" starttime="20201020 15:47:35.596" endtime="20201020 15:47:36.803"></status>
</kw>
<kw name="Click Element" library="AppiumLibrary">
<doc>Click element identified by `locator`.</doc>
<arguments>
<arg>id=email_sign_in_button</arg>
</arguments>
<msg timestamp="20201020 15:47:36.804" level="INFO">Clicking element 'id=email_sign_in_button'.</msg>
<status status="PASS" starttime="20201020 15:47:36.803" endtime="20201020 15:47:37.402"></status>
</kw>
<kw name="Wait Until Page Contains" library="AppiumLibrary">
<doc>Waits until `text` appears on current page.</doc>
<arguments>
<arg>Hello foo@example.com</arg>
<arg>timeout=None</arg>
<arg>error=None</arg>
</arguments>
<status status="PASS" starttime="20201020 15:47:37.403" endtime="20201020 15:47:40.387"></status>
</kw>
<kw name="Capture Page Screenshot" library="AppiumLibrary">
<doc>Takes a screenshot of the current page and embeds it into the log.</doc>
<arguments>
<arg>case4.png</arg>
</arguments>
<msg timestamp="20201020 15:47:40.591" level="INFO" html="yes">&lt;/td&gt;&lt;/tr&gt;&lt;tr&gt;&lt;td colspan="3"&gt;&lt;a href="case4.png"&gt;&lt;img src="case4.png" width="800px"&gt;&lt;/a&gt;</msg>
<status status="PASS" starttime="20201020 15:47:40.387" endtime="20201020 15:47:40.591"></status>
</kw>
<kw name="Sleep" library="BuiltIn">
<doc>Pauses the test executed for the given time.</doc>
<arguments>
<arg>5</arg>
</arguments>
<msg timestamp="20201020 15:47:45.593" level="INFO">Slept 5 seconds</msg>
<status status="PASS" starttime="20201020 15:47:40.591" endtime="20201020 15:47:45.593"></status>
</kw>
<kw name="Close All Applications" library="AppiumLibrary">
<doc>Closes all open applications.</doc>
<status status="PASS" starttime="20201020 15:47:45.594" endtime="20201020 15:47:46.302"></status>
</kw>
<status status="PASS" starttime="20201020 15:47:21.782" endtime="20201020 15:47:46.304" critical="yes"></status>
</test>
<status status="PASS" starttime="20201020 15:46:09.238" endtime="20201020 15:47:46.315"></status>
</suite>
<statistics>
<total>
<stat pass="4" fail="0">Critical Tests</stat>
<stat pass="4" fail="0">All Tests</stat>
</total>
<tag>
</tag>
<suite>
<stat pass="4" fail="0" id="s1" name="Example01 Open Android App">Example01 Open Android App</stat>
</suite>
</statistics>
<errors>
</errors>
</robot>
